<TestScript>

  <id value="Script1"></id>
  <text>
    <!-- narrative section -->
  </text>
  <name value="Patient Script"></name>
  <description value=""/>

  <resources><!-- 0..1 -->
    <resource id="1">
      <Patient></Patient>
    </resource>
    <resource id="2">
      <Patient></Patient>
    </resource>
    <resource id="3">
      <ValueSet/>
    </resource>
  </resources>

  <suite> <!-- 0..N -->
    <id value="PTS"></id>
    <text>
       <!-- narrative section -->
    </text>
    <name value="Patient Test Suite"></name>
    <description value=""/>

    <metadata><!-- 0..1 -->
      <links><!-- 0..N -->
        <link url="http://fhir-spec/blahblah" description="Patient Resource"/> <!-- 0..N -->
        <link url="http://fhir-spec/blahblah" description="Resource Operations"/>
      </links>
      <requires><!-- 0..1 -->
        <requirement resource="Patient" operations="Create,Read,Update" /> <!-- 0..N -->
      </requires>
      <validates><!-- 0..1 -->
        <validation resource="Patient" operations="History" /> <!-- 0..N -->
      </validates>
    </metadata>

    <setup><!-- 0..1 -->
      <operation type="create" source="1"/>

    </setup>

    <test><!-- 0..N -->
      <id value="PT1"></id>
      <text>
        <!-- narrative section -->
      </text>
      <name value="Patient Test 1"></name>
      <description value=""/>
      <metadata/><!-- 0..1, see suite/metadata -->

      <operation type="update" source="2" target="1"/>

      <assertion type="min" source="3"/>

      <assertion type="responseOkay"/>
      <assertion type="assert_last_modified_present"/>
      <assertion type="assert_valid_content_location_present"/>

      <assertion type="body" resource="Patient"></assertion>
      <assertion type="xpath" path="Patient/name/given/[contains(text(),'Chalmers')]"></assertion>
      <assertion type="header" header="content-location" ></assertion>
    </test>

    <teardown><!-- 0..1 -->
      <operation type="delete" target="1"/>
    </teardown>

  </suite>

</TestScript>
